2018-05-08 10:22:34,364 [Worker-1] INFO  c.g.t.t.d.PublishedGradleVersions - Gradle version information cache is not available. Remote download required.
2018-05-08 10:23:19,451 [Worker-13] INFO  o.e.m.c.i.e.AbstractTransferListenerAdapter - Downloaded https://repo.maven.apache.org/maven2/org/apache/maven/plugins/maven-clean-plugin/2.5/maven-clean-plugin-2.5.jar
2018-05-08 10:23:20,902 [Worker-13] INFO  o.e.m.c.i.l.LifecycleMappingFactory - Using org.eclipse.m2e.jdt.JarLifecycleMapping lifecycle mapping for MavenProject: com.automationPractice.app:my-app:1.0-SNAPSHOT @ C:\ShivramTomar\my-app\pom.xml.
2018-05-08 10:23:21,433 [Worker-13] INFO  o.e.m.c.i.e.AbstractTransferListenerAdapter - Downloaded https://repo.maven.apache.org/maven2/info/cukes/cucumber-testng/1.2.4/cucumber-testng-1.2.4.pom
2018-05-08 10:23:21,807 [Worker-13] INFO  o.e.m.c.i.e.AbstractTransferListenerAdapter - Downloaded https://repo.maven.apache.org/maven2/org/seleniumhq/selenium/selenium-remote-driver/3.0.1/selenium-remote-driver-3.0.1.pom
2018-05-08 10:23:22,322 [Worker-13] INFO  o.e.m.c.i.e.AbstractTransferListenerAdapter - Downloaded https://repo.maven.apache.org/maven2/org/seleniumhq/selenium/selenium-support/3.0.1/selenium-support-3.0.1.pom
2018-05-08 10:23:22,696 [Worker-13] INFO  o.e.m.c.i.e.AbstractTransferListenerAdapter - Downloaded https://repo.maven.apache.org/maven2/org/seleniumhq/selenium/selenium-ie-driver/3.0.1/selenium-ie-driver-3.0.1.pom
2018-05-08 10:23:23,242 [Worker-13] INFO  o.e.m.c.i.e.AbstractTransferListenerAdapter - Downloaded https://repo.maven.apache.org/maven2/org/seleniumhq/selenium/selenium-chrome-driver/3.0.0-beta4/selenium-chrome-driver-3.0.0-beta4.pom
2018-05-08 10:23:23,601 [Worker-13] INFO  o.e.m.c.i.e.AbstractTransferListenerAdapter - Downloaded https://repo.maven.apache.org/maven2/org/seleniumhq/selenium/selenium-firefox-driver/3.0.0-beta4/selenium-firefox-driver-3.0.0-beta4.pom
2018-05-08 10:23:23,960 [Worker-13] INFO  o.e.m.c.i.e.AbstractTransferListenerAdapter - Downloaded https://repo.maven.apache.org/maven2/org/apache/logging/log4j/log4j-api/2.5/log4j-api-2.5.pom
2018-05-08 10:23:24,303 [Worker-13] INFO  o.e.m.c.i.e.AbstractTransferListenerAdapter - Downloaded https://repo.maven.apache.org/maven2/org/apache/logging/log4j/log4j-core/2.5/log4j-core-2.5.pom
2018-05-08 10:23:24,849 [Worker-13] INFO  o.e.m.c.i.e.AbstractTransferListenerAdapter - Downloaded https://repo.maven.apache.org/maven2/log4j/log4j/1.2.17/log4j-1.2.17.pom
2018-05-08 10:23:26,126 [Worker-13] INFO  o.e.m.j.i.AbstractJavaProjectConfigurator - Adding source folder /my-app/src/main/java
2018-05-08 10:23:26,129 [Worker-13] INFO  o.e.m.j.i.AbstractJavaProjectConfigurator - Adding source folder /my-app/src/test/java
2018-05-08 10:23:26,130 [Worker-13] INFO  o.e.m.j.i.AbstractJavaProjectConfigurator - Adding resource folder /my-app/src/test/resources
2018-05-08 10:23:27,054 [Worker-13] INFO  o.e.m.c.i.p.ProjectConfigurationManager - Imported and configured 1 project(s) in 11 sec
2018-05-08 10:23:29,358 [Worker-14] WARN  o.e.m.c.i.embedder.EclipseLogger - Using platform encoding (Cp1252 actually) to copy filtered resources, i.e. build is platform dependent!
2018-05-08 10:23:29,374 [Worker-14] INFO  o.e.m.c.i.embedder.EclipseLogger - skip non existing resourceDirectory C:\ShivramTomar\my-app\src\main\resources
2018-05-08 10:23:29,374 [Worker-14] WARN  o.e.m.c.i.embedder.EclipseLogger - Using platform encoding (Cp1252 actually) to copy filtered resources, i.e. build is platform dependent!
2018-05-08 10:23:29,421 [Worker-14] INFO  o.e.m.c.i.embedder.EclipseLogger - Copying 3 resources
2018-05-08 10:23:50,973 [Worker-3] WARN  o.e.m.c.i.embedder.EclipseLogger - Using platform encoding (Cp1252 actually) to copy filtered resources, i.e. build is platform dependent!
2018-05-08 10:23:51,001 [Worker-3] INFO  o.e.m.c.i.embedder.EclipseLogger - skip non existing resourceDirectory C:\ShivramTomar\my-app\src\main\resources
2018-05-08 10:23:51,015 [Worker-3] WARN  o.e.m.c.i.embedder.EclipseLogger - Using platform encoding (Cp1252 actually) to copy filtered resources, i.e. build is platform dependent!
2018-05-08 10:23:51,036 [Worker-3] INFO  o.e.m.c.i.embedder.EclipseLogger - Copying 0 resource
2018-05-08 11:25:43,130 [Worker-20] WARN  o.e.m.c.i.embedder.EclipseLogger - Using platform encoding (Cp1252 actually) to copy filtered resources, i.e. build is platform dependent!
2018-05-08 11:25:43,162 [Worker-20] INFO  o.e.m.c.i.embedder.EclipseLogger - skip non existing resourceDirectory C:\ShivramTomar\my-app\src\main\resources
2018-05-08 11:25:43,162 [Worker-20] WARN  o.e.m.c.i.embedder.EclipseLogger - Using platform encoding (Cp1252 actually) to copy filtered resources, i.e. build is platform dependent!
2018-05-08 11:25:43,193 [Worker-20] INFO  o.e.m.c.i.embedder.EclipseLogger - Copying 1 resource
2018-05-08 11:26:53,811 [Worker-20] WARN  o.e.m.c.i.embedder.EclipseLogger - Using platform encoding (Cp1252 actually) to copy filtered resources, i.e. build is platform dependent!
2018-05-08 11:26:53,842 [Worker-20] INFO  o.e.m.c.i.embedder.EclipseLogger - skip non existing resourceDirectory C:\ShivramTomar\my-app\src\main\resources
2018-05-08 11:26:53,842 [Worker-20] WARN  o.e.m.c.i.embedder.EclipseLogger - Using platform encoding (Cp1252 actually) to copy filtered resources, i.e. build is platform dependent!
2018-05-08 11:26:53,858 [Worker-20] INFO  o.e.m.c.i.embedder.EclipseLogger - Copying 1 resource
2018-05-08 11:27:25,484 [Worker-28] WARN  o.e.m.c.i.embedder.EclipseLogger - Using platform encoding (Cp1252 actually) to copy filtered resources, i.e. build is platform dependent!
2018-05-08 11:27:25,515 [Worker-28] INFO  o.e.m.c.i.embedder.EclipseLogger - skip non existing resourceDirectory C:\ShivramTomar\my-app\src\main\resources
2018-05-08 11:27:25,515 [Worker-28] WARN  o.e.m.c.i.embedder.EclipseLogger - Using platform encoding (Cp1252 actually) to copy filtered resources, i.e. build is platform dependent!
2018-05-08 11:27:25,578 [Worker-28] INFO  o.e.m.c.i.embedder.EclipseLogger - Copying 5 resources
2018-05-08 11:42:47,353 [Worker-31] WARN  o.e.m.c.i.embedder.EclipseLogger - Using platform encoding (Cp1252 actually) to copy filtered resources, i.e. build is platform dependent!
2018-05-08 11:42:47,379 [Worker-31] INFO  o.e.m.c.i.embedder.EclipseLogger - skip non existing resourceDirectory C:\ShivramTomar\my-app\src\main\resources
2018-05-08 11:42:47,392 [Worker-31] WARN  o.e.m.c.i.embedder.EclipseLogger - Using platform encoding (Cp1252 actually) to copy filtered resources, i.e. build is platform dependent!
2018-05-08 11:42:47,404 [Worker-31] INFO  o.e.m.c.i.embedder.EclipseLogger - Copying 1 resource
2018-05-08 11:51:11,989 [Worker-20] WARN  o.e.m.c.i.embedder.EclipseLogger - Using platform encoding (Cp1252 actually) to copy filtered resources, i.e. build is platform dependent!
2018-05-08 11:51:12,004 [Worker-20] INFO  o.e.m.c.i.embedder.EclipseLogger - skip non existing resourceDirectory C:\ShivramTomar\my-app\src\main\resources
2018-05-08 11:51:12,004 [Worker-20] WARN  o.e.m.c.i.embedder.EclipseLogger - Using platform encoding (Cp1252 actually) to copy filtered resources, i.e. build is platform dependent!
2018-05-08 11:51:12,035 [Worker-20] INFO  o.e.m.c.i.embedder.EclipseLogger - Copying 5 resources
2018-05-08 11:52:10,762 [Worker-36] WARN  o.e.m.c.i.embedder.EclipseLogger - Using platform encoding (Cp1252 actually) to copy filtered resources, i.e. build is platform dependent!
2018-05-08 11:52:10,793 [Worker-36] INFO  o.e.m.c.i.embedder.EclipseLogger - skip non existing resourceDirectory C:\ShivramTomar\my-app\src\main\resources
2018-05-08 11:52:10,824 [Worker-36] WARN  o.e.m.c.i.embedder.EclipseLogger - Using platform encoding (Cp1252 actually) to copy filtered resources, i.e. build is platform dependent!
2018-05-08 11:52:10,840 [Worker-36] INFO  o.e.m.c.i.embedder.EclipseLogger - Copying 5 resources
2018-05-08 13:40:17,972 [Worker-43] WARN  o.e.m.c.i.embedder.EclipseLogger - Using platform encoding (Cp1252 actually) to copy filtered resources, i.e. build is platform dependent!
2018-05-08 13:40:17,988 [Worker-43] INFO  o.e.m.c.i.embedder.EclipseLogger - skip non existing resourceDirectory C:\ShivramTomar\my-app\src\main\resources
2018-05-08 13:40:17,988 [Worker-43] WARN  o.e.m.c.i.embedder.EclipseLogger - Using platform encoding (Cp1252 actually) to copy filtered resources, i.e. build is platform dependent!
2018-05-08 13:40:18,004 [Worker-43] INFO  o.e.m.c.i.embedder.EclipseLogger - Copying 5 resources
2018-05-08 13:41:45,416 [Worker-43] WARN  o.e.m.c.i.embedder.EclipseLogger - Using platform encoding (Cp1252 actually) to copy filtered resources, i.e. build is platform dependent!
2018-05-08 13:41:45,432 [Worker-43] INFO  o.e.m.c.i.embedder.EclipseLogger - skip non existing resourceDirectory C:\ShivramTomar\my-app\src\main\resources
2018-05-08 13:41:45,447 [Worker-43] WARN  o.e.m.c.i.embedder.EclipseLogger - Using platform encoding (Cp1252 actually) to copy filtered resources, i.e. build is platform dependent!
2018-05-08 13:41:45,463 [Worker-43] INFO  o.e.m.c.i.embedder.EclipseLogger - Copying 5 resources
2018-05-08 13:45:06,415 [Worker-20] WARN  o.e.m.c.i.embedder.EclipseLogger - Using platform encoding (Cp1252 actually) to copy filtered resources, i.e. build is platform dependent!
2018-05-08 13:45:06,415 [Worker-20] INFO  o.e.m.c.i.embedder.EclipseLogger - skip non existing resourceDirectory C:\ShivramTomar\my-app\src\main\resources
2018-05-08 13:45:06,431 [Worker-20] WARN  o.e.m.c.i.embedder.EclipseLogger - Using platform encoding (Cp1252 actually) to copy filtered resources, i.e. build is platform dependent!
2018-05-08 13:45:06,431 [Worker-20] INFO  o.e.m.c.i.embedder.EclipseLogger - Copying 5 resources
2018-05-08 13:50:35,254 [Worker-45] WARN  o.e.m.c.i.embedder.EclipseLogger - Using platform encoding (Cp1252 actually) to copy filtered resources, i.e. build is platform dependent!
2018-05-08 13:50:35,285 [Worker-45] INFO  o.e.m.c.i.embedder.EclipseLogger - skip non existing resourceDirectory C:\ShivramTomar\my-app\src\main\resources
2018-05-08 13:50:35,316 [Worker-45] WARN  o.e.m.c.i.embedder.EclipseLogger - Using platform encoding (Cp1252 actually) to copy filtered resources, i.e. build is platform dependent!
2018-05-08 13:50:35,347 [Worker-45] INFO  o.e.m.c.i.embedder.EclipseLogger - Copying 5 resources
2018-05-08 14:20:25,516 [Worker-45] WARN  o.e.m.c.i.embedder.EclipseLogger - Using platform encoding (Cp1252 actually) to copy filtered resources, i.e. build is platform dependent!
2018-05-08 14:20:25,532 [Worker-45] INFO  o.e.m.c.i.embedder.EclipseLogger - skip non existing resourceDirectory C:\ShivramTomar\my-app\src\main\resources
2018-05-08 14:20:25,532 [Worker-45] WARN  o.e.m.c.i.embedder.EclipseLogger - Using platform encoding (Cp1252 actually) to copy filtered resources, i.e. build is platform dependent!
2018-05-08 14:20:25,547 [Worker-45] INFO  o.e.m.c.i.embedder.EclipseLogger - Copying 5 resources
2018-05-08 14:21:53,479 [Worker-45] WARN  o.e.m.c.i.embedder.EclipseLogger - Using platform encoding (Cp1252 actually) to copy filtered resources, i.e. build is platform dependent!
2018-05-08 14:21:53,495 [Worker-45] INFO  o.e.m.c.i.embedder.EclipseLogger - skip non existing resourceDirectory C:\ShivramTomar\my-app\src\main\resources
2018-05-08 14:21:53,511 [Worker-45] WARN  o.e.m.c.i.embedder.EclipseLogger - Using platform encoding (Cp1252 actually) to copy filtered resources, i.e. build is platform dependent!
2018-05-08 14:21:53,526 [Worker-45] INFO  o.e.m.c.i.embedder.EclipseLogger - Copying 5 resources
2018-05-08 14:25:36,348 [Worker-53] WARN  o.e.m.c.i.embedder.EclipseLogger - Using platform encoding (Cp1252 actually) to copy filtered resources, i.e. build is platform dependent!
2018-05-08 14:25:36,364 [Worker-53] INFO  o.e.m.c.i.embedder.EclipseLogger - skip non existing resourceDirectory C:\ShivramTomar\my-app\src\main\resources
2018-05-08 14:25:36,364 [Worker-53] WARN  o.e.m.c.i.embedder.EclipseLogger - Using platform encoding (Cp1252 actually) to copy filtered resources, i.e. build is platform dependent!
2018-05-08 14:25:36,379 [Worker-53] INFO  o.e.m.c.i.embedder.EclipseLogger - Copying 1 resource
2018-05-08 14:26:38,910 [Worker-54] WARN  o.e.m.c.i.embedder.EclipseLogger - Using platform encoding (Cp1252 actually) to copy filtered resources, i.e. build is platform dependent!
2018-05-08 14:26:38,925 [Worker-54] INFO  o.e.m.c.i.embedder.EclipseLogger - skip non existing resourceDirectory C:\ShivramTomar\my-app\src\main\resources
2018-05-08 14:26:38,956 [Worker-54] WARN  o.e.m.c.i.embedder.EclipseLogger - Using platform encoding (Cp1252 actually) to copy filtered resources, i.e. build is platform dependent!
2018-05-08 14:26:38,956 [Worker-54] INFO  o.e.m.c.i.embedder.EclipseLogger - Copying 1 resource
2018-05-08 14:27:07,731 [Worker-45] WARN  o.e.m.c.i.embedder.EclipseLogger - Using platform encoding (Cp1252 actually) to copy filtered resources, i.e. build is platform dependent!
2018-05-08 14:27:07,746 [Worker-45] INFO  o.e.m.c.i.embedder.EclipseLogger - skip non existing resourceDirectory C:\ShivramTomar\my-app\src\main\resources
2018-05-08 14:27:07,762 [Worker-45] WARN  o.e.m.c.i.embedder.EclipseLogger - Using platform encoding (Cp1252 actually) to copy filtered resources, i.e. build is platform dependent!
2018-05-08 14:27:07,778 [Worker-45] INFO  o.e.m.c.i.embedder.EclipseLogger - Copying 1 resource
2018-05-08 14:27:25,088 [Worker-55] WARN  o.e.m.c.i.embedder.EclipseLogger - Using platform encoding (Cp1252 actually) to copy filtered resources, i.e. build is platform dependent!
2018-05-08 14:27:25,112 [Worker-55] INFO  o.e.m.c.i.embedder.EclipseLogger - skip non existing resourceDirectory C:\ShivramTomar\my-app\src\main\resources
2018-05-08 14:27:25,126 [Worker-55] WARN  o.e.m.c.i.embedder.EclipseLogger - Using platform encoding (Cp1252 actually) to copy filtered resources, i.e. build is platform dependent!
2018-05-08 14:27:25,160 [Worker-55] INFO  o.e.m.c.i.embedder.EclipseLogger - Copying 0 resource
2018-05-08 14:28:06,965 [Worker-49] WARN  o.e.m.c.i.embedder.EclipseLogger - Using platform encoding (Cp1252 actually) to copy filtered resources, i.e. build is platform dependent!
2018-05-08 14:28:06,981 [Worker-49] INFO  o.e.m.c.i.embedder.EclipseLogger - skip non existing resourceDirectory C:\ShivramTomar\my-app\src\main\resources
2018-05-08 14:28:06,981 [Worker-49] WARN  o.e.m.c.i.embedder.EclipseLogger - Using platform encoding (Cp1252 actually) to copy filtered resources, i.e. build is platform dependent!
2018-05-08 14:28:06,996 [Worker-49] INFO  o.e.m.c.i.embedder.EclipseLogger - Copying 7 resources
2018-05-08 14:29:18,706 [Worker-49] WARN  o.e.m.c.i.embedder.EclipseLogger - Using platform encoding (Cp1252 actually) to copy filtered resources, i.e. build is platform dependent!
2018-05-08 14:29:18,721 [Worker-49] INFO  o.e.m.c.i.embedder.EclipseLogger - skip non existing resourceDirectory C:\ShivramTomar\my-app\src\main\resources
2018-05-08 14:29:18,737 [Worker-49] WARN  o.e.m.c.i.embedder.EclipseLogger - Using platform encoding (Cp1252 actually) to copy filtered resources, i.e. build is platform dependent!
2018-05-08 14:29:18,752 [Worker-49] INFO  o.e.m.c.i.embedder.EclipseLogger - Copying 7 resources
2018-05-08 14:30:04,696 [Worker-55] WARN  o.e.m.c.i.embedder.EclipseLogger - Using platform encoding (Cp1252 actually) to copy filtered resources, i.e. build is platform dependent!
2018-05-08 14:30:04,711 [Worker-55] INFO  o.e.m.c.i.embedder.EclipseLogger - skip non existing resourceDirectory C:\ShivramTomar\my-app\src\main\resources
2018-05-08 14:30:04,711 [Worker-55] WARN  o.e.m.c.i.embedder.EclipseLogger - Using platform encoding (Cp1252 actually) to copy filtered resources, i.e. build is platform dependent!
2018-05-08 14:30:04,711 [Worker-55] INFO  o.e.m.c.i.embedder.EclipseLogger - Copying 7 resources
2018-05-08 14:34:53,718 [Worker-45] WARN  o.e.m.c.i.embedder.EclipseLogger - Using platform encoding (Cp1252 actually) to copy filtered resources, i.e. build is platform dependent!
2018-05-08 14:34:53,733 [Worker-45] INFO  o.e.m.c.i.embedder.EclipseLogger - skip non existing resourceDirectory C:\ShivramTomar\my-app\src\main\resources
2018-05-08 14:34:53,749 [Worker-45] WARN  o.e.m.c.i.embedder.EclipseLogger - Using platform encoding (Cp1252 actually) to copy filtered resources, i.e. build is platform dependent!
2018-05-08 14:34:53,780 [Worker-45] INFO  o.e.m.c.i.embedder.EclipseLogger - Copying 1 resource
2018-05-08 14:37:55,769 [Worker-57] WARN  o.e.m.c.i.embedder.EclipseLogger - Using platform encoding (Cp1252 actually) to copy filtered resources, i.e. build is platform dependent!
2018-05-08 14:37:55,784 [Worker-57] INFO  o.e.m.c.i.embedder.EclipseLogger - skip non existing resourceDirectory C:\ShivramTomar\my-app\src\main\resources
2018-05-08 14:37:55,786 [Worker-57] WARN  o.e.m.c.i.embedder.EclipseLogger - Using platform encoding (Cp1252 actually) to copy filtered resources, i.e. build is platform dependent!
2018-05-08 14:37:55,804 [Worker-57] INFO  o.e.m.c.i.embedder.EclipseLogger - Copying 7 resources
2018-05-08 14:38:06,059 [Worker-49] WARN  o.e.m.c.i.embedder.EclipseLogger - Using platform encoding (Cp1252 actually) to copy filtered resources, i.e. build is platform dependent!
2018-05-08 14:38:06,090 [Worker-49] INFO  o.e.m.c.i.embedder.EclipseLogger - skip non existing resourceDirectory C:\ShivramTomar\my-app\src\main\resources
2018-05-08 14:38:06,106 [Worker-49] WARN  o.e.m.c.i.embedder.EclipseLogger - Using platform encoding (Cp1252 actually) to copy filtered resources, i.e. build is platform dependent!
2018-05-08 14:38:06,106 [Worker-49] INFO  o.e.m.c.i.embedder.EclipseLogger - Copying 1 resource
2018-05-08 14:38:52,581 [Worker-59] WARN  o.e.m.c.i.embedder.EclipseLogger - Using platform encoding (Cp1252 actually) to copy filtered resources, i.e. build is platform dependent!
2018-05-08 14:38:52,581 [Worker-59] INFO  o.e.m.c.i.embedder.EclipseLogger - skip non existing resourceDirectory C:\ShivramTomar\my-app\src\main\resources
2018-05-08 14:38:52,597 [Worker-59] WARN  o.e.m.c.i.embedder.EclipseLogger - Using platform encoding (Cp1252 actually) to copy filtered resources, i.e. build is platform dependent!
2018-05-08 14:38:52,597 [Worker-59] INFO  o.e.m.c.i.embedder.EclipseLogger - Copying 1 resource
2018-05-08 15:44:38,669 [Worker-65] WARN  o.e.m.c.i.embedder.EclipseLogger - Using platform encoding (Cp1252 actually) to copy filtered resources, i.e. build is platform dependent!
2018-05-08 15:44:38,685 [Worker-65] INFO  o.e.m.c.i.embedder.EclipseLogger - skip non existing resourceDirectory C:\ShivramTomar\my-app\src\main\resources
2018-05-08 15:44:38,700 [Worker-65] WARN  o.e.m.c.i.embedder.EclipseLogger - Using platform encoding (Cp1252 actually) to copy filtered resources, i.e. build is platform dependent!
2018-05-08 15:44:38,716 [Worker-65] INFO  o.e.m.c.i.embedder.EclipseLogger - Copying 7 resources
2018-05-08 15:45:35,387 [Worker-65] WARN  o.e.m.c.i.embedder.EclipseLogger - Using platform encoding (Cp1252 actually) to copy filtered resources, i.e. build is platform dependent!
2018-05-08 15:45:35,403 [Worker-65] INFO  o.e.m.c.i.embedder.EclipseLogger - skip non existing resourceDirectory C:\ShivramTomar\my-app\src\main\resources
2018-05-08 15:45:35,403 [Worker-65] WARN  o.e.m.c.i.embedder.EclipseLogger - Using platform encoding (Cp1252 actually) to copy filtered resources, i.e. build is platform dependent!
2018-05-08 15:45:35,418 [Worker-65] INFO  o.e.m.c.i.embedder.EclipseLogger - Copying 7 resources
2018-05-08 15:47:02,275 [Worker-61] WARN  o.e.m.c.i.embedder.EclipseLogger - Using platform encoding (Cp1252 actually) to copy filtered resources, i.e. build is platform dependent!
2018-05-08 15:47:02,306 [Worker-61] INFO  o.e.m.c.i.embedder.EclipseLogger - skip non existing resourceDirectory C:\ShivramTomar\my-app\src\main\resources
2018-05-08 15:47:02,321 [Worker-61] WARN  o.e.m.c.i.embedder.EclipseLogger - Using platform encoding (Cp1252 actually) to copy filtered resources, i.e. build is platform dependent!
2018-05-08 15:47:02,322 [Worker-61] INFO  o.e.m.c.i.embedder.EclipseLogger - Copying 7 resources
2018-05-08 15:49:29,394 [Worker-61] WARN  o.e.m.c.i.embedder.EclipseLogger - Using platform encoding (Cp1252 actually) to copy filtered resources, i.e. build is platform dependent!
2018-05-08 15:49:29,409 [Worker-61] INFO  o.e.m.c.i.embedder.EclipseLogger - skip non existing resourceDirectory C:\ShivramTomar\my-app\src\main\resources
2018-05-08 15:49:29,409 [Worker-61] WARN  o.e.m.c.i.embedder.EclipseLogger - Using platform encoding (Cp1252 actually) to copy filtered resources, i.e. build is platform dependent!
2018-05-08 15:49:29,425 [Worker-61] INFO  o.e.m.c.i.embedder.EclipseLogger - Copying 7 resources
2018-05-08 15:52:41,775 [Worker-61] WARN  o.e.m.c.i.embedder.EclipseLogger - Using platform encoding (Cp1252 actually) to copy filtered resources, i.e. build is platform dependent!
2018-05-08 15:52:41,808 [Worker-61] INFO  o.e.m.c.i.embedder.EclipseLogger - skip non existing resourceDirectory C:\ShivramTomar\my-app\src\main\resources
2018-05-08 15:52:41,827 [Worker-61] WARN  o.e.m.c.i.embedder.EclipseLogger - Using platform encoding (Cp1252 actually) to copy filtered resources, i.e. build is platform dependent!
2018-05-08 15:52:41,857 [Worker-61] INFO  o.e.m.c.i.embedder.EclipseLogger - Copying 7 resources
2018-05-08 15:53:33,472 [Worker-63] WARN  o.e.m.c.i.embedder.EclipseLogger - Using platform encoding (Cp1252 actually) to copy filtered resources, i.e. build is platform dependent!
2018-05-08 15:53:33,487 [Worker-63] INFO  o.e.m.c.i.embedder.EclipseLogger - skip non existing resourceDirectory C:\ShivramTomar\my-app\src\main\resources
2018-05-08 15:53:33,487 [Worker-63] WARN  o.e.m.c.i.embedder.EclipseLogger - Using platform encoding (Cp1252 actually) to copy filtered resources, i.e. build is platform dependent!
2018-05-08 15:53:33,503 [Worker-63] INFO  o.e.m.c.i.embedder.EclipseLogger - Copying 7 resources
2018-05-08 17:08:46,676 [Worker-81] WARN  o.e.m.c.i.embedder.EclipseLogger - Using platform encoding (Cp1252 actually) to copy filtered resources, i.e. build is platform dependent!
2018-05-08 17:08:46,692 [Worker-81] INFO  o.e.m.c.i.embedder.EclipseLogger - skip non existing resourceDirectory C:\ShivramTomar\my-app\src\main\resources
2018-05-08 17:08:46,707 [Worker-81] WARN  o.e.m.c.i.embedder.EclipseLogger - Using platform encoding (Cp1252 actually) to copy filtered resources, i.e. build is platform dependent!
2018-05-08 17:08:46,723 [Worker-81] INFO  o.e.m.c.i.embedder.EclipseLogger - Copying 7 resources
2018-05-08 17:10:13,462 [Worker-83] WARN  o.e.m.c.i.embedder.EclipseLogger - Using platform encoding (Cp1252 actually) to copy filtered resources, i.e. build is platform dependent!
2018-05-08 17:10:13,462 [Worker-83] INFO  o.e.m.c.i.embedder.EclipseLogger - skip non existing resourceDirectory C:\ShivramTomar\my-app\src\main\resources
2018-05-08 17:10:13,462 [Worker-83] WARN  o.e.m.c.i.embedder.EclipseLogger - Using platform encoding (Cp1252 actually) to copy filtered resources, i.e. build is platform dependent!
2018-05-08 17:10:13,478 [Worker-83] INFO  o.e.m.c.i.embedder.EclipseLogger - Copying 7 resources
2018-05-08 17:10:20,802 [Worker-79] WARN  o.e.m.c.i.embedder.EclipseLogger - Using platform encoding (Cp1252 actually) to copy filtered resources, i.e. build is platform dependent!
2018-05-08 17:10:20,833 [Worker-79] INFO  o.e.m.c.i.embedder.EclipseLogger - skip non existing resourceDirectory C:\ShivramTomar\my-app\src\main\resources
2018-05-08 17:10:20,849 [Worker-79] WARN  o.e.m.c.i.embedder.EclipseLogger - Using platform encoding (Cp1252 actually) to copy filtered resources, i.e. build is platform dependent!
2018-05-08 17:10:20,849 [Worker-79] INFO  o.e.m.c.i.embedder.EclipseLogger - Copying 1 resource
2018-05-08 17:11:17,886 [Worker-84] WARN  o.e.m.c.i.embedder.EclipseLogger - Using platform encoding (Cp1252 actually) to copy filtered resources, i.e. build is platform dependent!
2018-05-08 17:11:17,902 [Worker-84] INFO  o.e.m.c.i.embedder.EclipseLogger - skip non existing resourceDirectory C:\ShivramTomar\my-app\src\main\resources
2018-05-08 17:11:17,902 [Worker-84] WARN  o.e.m.c.i.embedder.EclipseLogger - Using platform encoding (Cp1252 actually) to copy filtered resources, i.e. build is platform dependent!
2018-05-08 17:11:17,917 [Worker-84] INFO  o.e.m.c.i.embedder.EclipseLogger - Copying 7 resources
2018-05-08 17:12:55,587 [Worker-80] WARN  o.e.m.c.i.embedder.EclipseLogger - Using platform encoding (Cp1252 actually) to copy filtered resources, i.e. build is platform dependent!
2018-05-08 17:12:55,602 [Worker-80] INFO  o.e.m.c.i.embedder.EclipseLogger - skip non existing resourceDirectory C:\ShivramTomar\my-app\src\main\resources
2018-05-08 17:12:55,618 [Worker-80] WARN  o.e.m.c.i.embedder.EclipseLogger - Using platform encoding (Cp1252 actually) to copy filtered resources, i.e. build is platform dependent!
2018-05-08 17:12:55,633 [Worker-80] INFO  o.e.m.c.i.embedder.EclipseLogger - Copying 1 resource
2018-05-08 17:13:00,990 [Worker-83] WARN  o.e.m.c.i.embedder.EclipseLogger - Using platform encoding (Cp1252 actually) to copy filtered resources, i.e. build is platform dependent!
2018-05-08 17:13:01,006 [Worker-83] INFO  o.e.m.c.i.embedder.EclipseLogger - skip non existing resourceDirectory C:\ShivramTomar\my-app\src\main\resources
2018-05-08 17:13:01,006 [Worker-83] WARN  o.e.m.c.i.embedder.EclipseLogger - Using platform encoding (Cp1252 actually) to copy filtered resources, i.e. build is platform dependent!
2018-05-08 17:13:01,021 [Worker-83] INFO  o.e.m.c.i.embedder.EclipseLogger - Copying 7 resources
2018-05-08 17:18:20,675 [Worker-79] WARN  o.e.m.c.i.embedder.EclipseLogger - Using platform encoding (Cp1252 actually) to copy filtered resources, i.e. build is platform dependent!
2018-05-08 17:18:20,707 [Worker-79] INFO  o.e.m.c.i.embedder.EclipseLogger - skip non existing resourceDirectory C:\ShivramTomar\my-app\src\main\resources
2018-05-08 17:18:20,707 [Worker-79] WARN  o.e.m.c.i.embedder.EclipseLogger - Using platform encoding (Cp1252 actually) to copy filtered resources, i.e. build is platform dependent!
2018-05-08 17:18:20,722 [Worker-79] INFO  o.e.m.c.i.embedder.EclipseLogger - Copying 7 resources
2018-05-08 17:18:57,880 [Worker-86] WARN  o.e.m.c.i.embedder.EclipseLogger - Using platform encoding (Cp1252 actually) to copy filtered resources, i.e. build is platform dependent!
2018-05-08 17:18:57,896 [Worker-86] INFO  o.e.m.c.i.embedder.EclipseLogger - skip non existing resourceDirectory C:\ShivramTomar\my-app\src\main\resources
2018-05-08 17:18:57,896 [Worker-86] WARN  o.e.m.c.i.embedder.EclipseLogger - Using platform encoding (Cp1252 actually) to copy filtered resources, i.e. build is platform dependent!
2018-05-08 17:18:57,896 [Worker-86] INFO  o.e.m.c.i.embedder.EclipseLogger - Copying 7 resources
2018-05-08 17:19:30,727 [Worker-84] WARN  o.e.m.c.i.embedder.EclipseLogger - Using platform encoding (Cp1252 actually) to copy filtered resources, i.e. build is platform dependent!
2018-05-08 17:19:30,742 [Worker-84] INFO  o.e.m.c.i.embedder.EclipseLogger - skip non existing resourceDirectory C:\ShivramTomar\my-app\src\main\resources
2018-05-08 17:19:30,758 [Worker-84] WARN  o.e.m.c.i.embedder.EclipseLogger - Using platform encoding (Cp1252 actually) to copy filtered resources, i.e. build is platform dependent!
2018-05-08 17:19:30,758 [Worker-84] INFO  o.e.m.c.i.embedder.EclipseLogger - Copying 1 resource
2018-05-08 17:19:36,874 [Worker-79] WARN  o.e.m.c.i.embedder.EclipseLogger - Using platform encoding (Cp1252 actually) to copy filtered resources, i.e. build is platform dependent!
2018-05-08 17:19:36,874 [Worker-79] INFO  o.e.m.c.i.embedder.EclipseLogger - skip non existing resourceDirectory C:\ShivramTomar\my-app\src\main\resources
2018-05-08 17:19:36,890 [Worker-79] WARN  o.e.m.c.i.embedder.EclipseLogger - Using platform encoding (Cp1252 actually) to copy filtered resources, i.e. build is platform dependent!
2018-05-08 17:19:36,905 [Worker-79] INFO  o.e.m.c.i.embedder.EclipseLogger - Copying 7 resources
2018-05-08 17:19:41,023 [Worker-88] WARN  o.e.m.c.i.embedder.EclipseLogger - Using platform encoding (Cp1252 actually) to copy filtered resources, i.e. build is platform dependent!
2018-05-08 17:19:41,054 [Worker-88] INFO  o.e.m.c.i.embedder.EclipseLogger - skip non existing resourceDirectory C:\ShivramTomar\my-app\src\main\resources
2018-05-08 17:19:41,070 [Worker-88] WARN  o.e.m.c.i.embedder.EclipseLogger - Using platform encoding (Cp1252 actually) to copy filtered resources, i.e. build is platform dependent!
2018-05-08 17:19:41,085 [Worker-88] INFO  o.e.m.c.i.embedder.EclipseLogger - Copying 7 resources
